[0mPOST /api/v1/admin/createQRcode/64f10b25fec5e426ebdd4d73 [31m500[0m 2.621 ms - 50[0m
[0mPOST /api/v1/admin/createQRcode/64f10b25fec5e426ebdd4d73 [33m404[0m 3.798 ms - 190[0m
[0mPOST /api/v1/admin/createQRcode/64f10b25fec5e426ebdd4d73 [33m404[0m 1.115 ms - 190[0m
[0mPOST /api/v1/admin/createQRcode/64f10b25fec5e426ebdd4d73 [33m404[0m 0.657 ms - 190[0m
[0mPOST /api/v1/admin/createQRcode/64f10b25fec5e426ebdd4d73 [33m404[0m 0.595 ms - 190[0m
[0mPOST /api/v1/admin/createQRcode/64f10b25fec5e426ebdd4d73 [33m404[0m 3.744 ms - 190[0m
[0mPOST /api/v1/admin/createQRcode/64f10b25fec5e426ebdd4d73 [33m404[0m 0.973 ms - 190[0m
[0mPOST /api/v1/admin/createQRcode/64f10b25fec5e426ebdd4d73 [33m404[0m 0.639 ms - 190[0m
[0mPOST /api/v1/admin/createQRcode/64f10b25fec5e426ebdd4d73 [33m404[0m 0.611 ms - 190[0m
[0mPOST /api/v1/admin/createQRcode/64f10b25fec5e426ebdd4d73 [33m404[0m 0.603 ms - 190[0m
[0mPOST /api/v1/admin/createQRcode/64f10b25fec5e426ebdd4d73 [33m404[0m 0.410 ms - 190[0m
[0mGET /api/v1/admin [32m200[0m 2.600 ms - 12[0m
[0mGET /api/v1/admin [32m200[0m 10.965 ms - 12[0m
[0mGET / [32m200[0m 2.782 ms - 10[0m
[0mPOST /api/v1/auth/login [33m400[0m 20.431 ms - 196[0m
[0mPOST /api/v1/auth/login [33m400[0m 153.746 ms - 66[0m
[0mPOST /api/v1/auth/login [32m200[0m 2.367 ms - 31[0m
[0mPOST /api/v1/auth/login [32m200[0m 1.438 ms - 31[0m
[0mPOST /api/v1/auth/login [32m200[0m 13.138 ms - 40[0m
[0mPOST /api/v1/auth/login [32m200[0m 10031.561 ms - 40[0m
[0mPOST /api/v1/auth/login [32m200[0m 10110.105 ms - 40[0m
[0mPOST /api/v1/auth/login [32m200[0m 10021.223 ms - 40[0m
[0mPOST /api/v1/auth/login [32m200[0m 10029.372 ms - 40[0m
[0mGET /favicon.ico [33m404[0m 3.306 ms - 150[0m
[0mPOST /api/v1/auth/login [32m200[0m 10038.536 ms - 40[0m
[0mPOST /api/v1/auth/login [32m200[0m 1920.607 ms - 40[0m
[0mPOST /api/v1/auth/login [32m200[0m 467.844 ms - 40[0m
[0mPOST /api/v1/auth/login [0m-[0m - ms - -[0m
[0mPOST /api/v1/auth/login [32m200[0m 242.617 ms - 40[0m
[0mPOST /api/v1/auth/login [32m200[0m 1961.557 ms - 40[0m
[0mPOST /api/v1/auth/login [33m400[0m 1756.324 ms - 33[0m
[0mPOST /api/v1/auth/login [33m400[0m 2509.398 ms - 33[0m
[0mPOST /api/v1/auth/login [33m400[0m 3006.189 ms - 33[0m
[0mPOST /api/v1/auth/login [33m400[0m 2220.113 ms - 33[0m
[0mPOST /api/v1/auth/login [32m200[0m 1885.946 ms - 40[0m
[0mPOST /api/v1/auth/login [32m200[0m 3091.224 ms - 40[0m
[0mPOST /api/v1/auth/login [32m200[0m 307.175 ms - 40[0m
[0mGET /favicon.ico [33m404[0m 6.824 ms - 150[0m
[0mPOST /api/v1/auth/login [33m400[0m 310.063 ms - 33[0m
[0mPOST /api/v1/auth/login [33m400[0m 286.057 ms - 43[0m
[0mGET /_next/webpack-hmr [33m404[0m 12.220 ms - 156[0m
[0mGET /_next/webpack-hmr [33m404[0m 3.277 ms - 156[0m
[0mGET /_next/webpack-hmr [33m404[0m 1.331 ms - 156[0m
[0mGET /_next/webpack-hmr [33m404[0m 1.517 ms - 156[0m
[0mGET /_next/webpack-hmr [33m404[0m 0.954 ms - 156[0m
[0mGET /_next/webpack-hmr [33m404[0m 3.399 ms - 156[0m
[0mGET /_next/webpack-hmr [33m404[0m 1.288 ms - 156[0m
[0mGET /_next/webpack-hmr [33m404[0m 1.309 ms - 156[0m
[0mGET /_next/webpack-hmr [33m404[0m 2.672 ms - 156[0m
[0mGET /_next/webpack-hmr [33m404[0m 2.553 ms - 156[0m
[0mGET /_next/webpack-hmr [33m404[0m 1.509 ms - 156[0m
[0mGET /_next/webpack-hmr [33m404[0m 0.882 ms - 156[0m
[0mGET /_next/webpack-hmr [33m404[0m 1.204 ms - 156[0m
[0mGET /_next/webpack-hmr [33m404[0m 1.186 ms - 156[0m
[0mGET /_next/webpack-hmr [33m404[0m 1.473 ms - 156[0m
[0mGET /_next/webpack-hmr [33m404[0m 1.958 ms - 156[0m
[0mGET /_next/webpack-hmr [33m404[0m 1.776 ms - 156[0m
[0mGET /api/v1/admin/users [33m404[0m 2.146 ms - 157[0m
[0mGET /_next/webpack-hmr [33m404[0m 2.661 ms - 156[0m
[0mGET /_next/webpack-hmr [33m404[0m 1.315 ms - 156[0m
[0mGET /_next/webpack-hmr [33m404[0m 15.507 ms - 156[0m
[0mGET /_next/webpack-hmr [33m404[0m 17.871 ms - 156[0m
[0mGET /_next/webpack-hmr [33m404[0m 11.355 ms - 156[0m
[0mGET /_next/webpack-hmr [33m404[0m 2.895 ms - 156[0m
[0mGET /api/v1/admin/people [32m200[0m 1710.484 ms - 61[0m
[0mGET /_next/webpack-hmr [33m404[0m 7.176 ms - 156[0m
[0mGET /_next/webpack-hmr [33m404[0m 1.958 ms - 156[0m
[0mGET /_next/webpack-hmr [33m404[0m 1.511 ms - 156[0m
[0mGET /_next/webpack-hmr [33m404[0m 12.762 ms - 156[0m
[0mGET /_next/webpack-hmr [33m404[0m 2.868 ms - 156[0m
[0mGET /_next/webpack-hmr [33m404[0m 1.984 ms - 156[0m
[0mGET /_next/webpack-hmr [33m404[0m 1.574 ms - 156[0m
[0mGET /_next/webpack-hmr [33m404[0m 1.855 ms - 156[0m
[0mGET /_next/webpack-hmr [33m404[0m 1.574 ms - 156[0m
[0mGET /_next/webpack-hmr [33m404[0m 1.264 ms - 156[0m
[0mGET /_next/webpack-hmr [33m404[0m 1.568 ms - 156[0m
[0mGET /_next/webpack-hmr [33m404[0m 2.223 ms - 156[0m
[0mGET /_next/webpack-hmr [33m404[0m 2.288 ms - 156[0m
[0mGET /_next/webpack-hmr [33m404[0m 1.618 ms - 156[0m
[0mGET /_next/webpack-hmr [33m404[0m 11.768 ms - 156[0m
[0mGET /_next/webpack-hmr [33m404[0m 12.220 ms - 156[0m
[0mGET /_next/webpack-hmr [33m404[0m 2.802 ms - 156[0m
[0mGET /_next/webpack-hmr [33m404[0m 1.291 ms - 156[0m
[0mGET /_next/webpack-hmr [33m404[0m 1.492 ms - 156[0m
[0mGET /_next/webpack-hmr [33m404[0m 2.070 ms - 156[0m
[0mGET /_next/webpack-hmr [33m404[0m 1.496 ms - 156[0m
[0mGET /_next/webpack-hmr [33m404[0m 1.248 ms - 156[0m
[0mGET /_next/webpack-hmr [33m404[0m 1.490 ms - 156[0m
[0mGET /_next/webpack-hmr [33m404[0m 2.484 ms - 156[0m
[0mGET /_next/webpack-hmr [33m404[0m 2.206 ms - 156[0m
[0mGET /_next/webpack-hmr [33m404[0m 1.939 ms - 156[0m
[0mGET /_next/webpack-hmr [33m404[0m 1.470 ms - 156[0m
[0mGET /_next/webpack-hmr [33m404[0m 2.359 ms - 156[0m
[0mGET /_next/webpack-hmr [33m404[0m 1.602 ms - 156[0m
[0mGET /_next/webpack-hmr [33m404[0m 10.591 ms - 156[0m
[0mGET /_next/webpack-hmr [33m404[0m 17.848 ms - 156[0m
[0mGET /_next/webpack-hmr [33m404[0m 17.591 ms - 156[0m
[0mGET /_next/webpack-hmr [33m404[0m 18.615 ms - 156[0m
[0mGET /_next/webpack-hmr [33m404[0m 13.212 ms - 156[0m
[0mGET /_next/webpack-hmr [33m404[0m 2.885 ms - 156[0m
[0mGET /_next/webpack-hmr [33m404[0m 2.820 ms - 156[0m
[0mGET /_next/webpack-hmr [33m404[0m 0.731 ms - 156[0m
[0mGET /_next/webpack-hmr [33m404[0m 2.691 ms - 156[0m
[0mGET /_next/webpack-hmr [33m404[0m 3.644 ms - 156[0m
[0mGET /_next/webpack-hmr [33m404[0m 3.179 ms - 156[0m
[0mGET /_next/webpack-hmr [33m404[0m 11.949 ms - 156[0m
[0mGET /_next/webpack-hmr [33m404[0m 10.762 ms - 156[0m
[0mGET /_next/webpack-hmr [33m404[0m 3.074 ms - 156[0m
[0mGET /_next/webpack-hmr [33m404[0m 0.283 ms - 156[0m
[0mGET /_next/webpack-hmr [33m404[0m 2.839 ms - 156[0m
[0mGET /_next/webpack-hmr [33m404[0m 2.660 ms - 156[0m
[0mGET /_next/webpack-hmr [33m404[0m 2.120 ms - 156[0m
[0mGET /_next/webpack-hmr [33m404[0m 3.552 ms - 156[0m
[0mGET /_next/webpack-hmr [33m404[0m 2.830 ms - 156[0m
[0mGET /_next/webpack-hmr [33m404[0m 0.576 ms - 156[0m
[0mGET /_next/webpack-hmr [33m404[0m 0.328 ms - 156[0m
[0mGET /_next/webpack-hmr [33m404[0m 3.138 ms - 156[0m
[0mGET /_next/webpack-hmr [33m404[0m 9.364 ms - 156[0m
[0mGET /_next/webpack-hmr [33m404[0m 2.616 ms - 156[0m
[0mGET /_next/webpack-hmr [33m404[0m 6.624 ms - 156[0m
[0mGET /_next/webpack-hmr [33m404[0m 11.174 ms - 156[0m
[0mGET /_next/webpack-hmr [33m404[0m 2.531 ms - 156[0m
[0mGET /_next/webpack-hmr [33m404[0m 8.263 ms - 156[0m
[0mGET /_next/webpack-hmr [33m404[0m 2.882 ms - 156[0m
[0mGET /_next/webpack-hmr [33m404[0m 0.347 ms - 156[0m
[0mGET /_next/webpack-hmr [33m404[0m 1.315 ms - 156[0m
[0mPOST /api/v1/admin/person/create [32m200[0m 198.545 ms - 61[0m
[0mGET /_next/webpack-hmr [33m404[0m 0.939 ms - 156[0m
[0mPOST /api/v1/admin/person/create [32m200[0m 312.059 ms - 61[0m
[0mGET /_next/webpack-hmr [33m404[0m 1.490 ms - 156[0m
[0mGET /_next/webpack-hmr [33m404[0m 0.743 ms - 156[0m
[0mGET /_next/webpack-hmr [33m404[0m 0.461 ms - 156[0m
[0mGET /_next/webpack-hmr [33m404[0m 2.184 ms - 156[0m
[0mGET /_next/webpack-hmr [33m404[0m 0.800 ms - 156[0m
[0mPOST /api/v1/admin/person/create [31m500[0m 10010.802 ms - 42[0m
[0mGET /_next/webpack-hmr [33m404[0m 8.514 ms - 156[0m
[0mPOST /api/v1/admin/person/create [31m500[0m 8.441 ms - 42[0m
[0mPOST /api/v1/admin/person/create [31m500[0m 1.317 ms - 42[0m
[0mPOST /api/v1/admin/person/create [31m500[0m 0.833 ms - 42[0m
[0mGET /_next/webpack-hmr [33m404[0m 2.183 ms - 156[0m
[0mGET /_next/webpack-hmr [33m404[0m 1.413 ms - 156[0m
[0mGET /_next/webpack-hmr [33m404[0m 2.863 ms - 156[0m
[0mGET /_next/webpack-hmr [33m404[0m 1.450 ms - 156[0m
[0mGET /_next/webpack-hmr [33m404[0m 1.991 ms - 156[0m
[0mPOST /api/v1/admin/person/create [31m500[0m 6.889 ms - 42[0m
[0mPOST /api/v1/admin/person/create [33m400[0m 6.856 ms - 184[0m
[0mGET /_next/webpack-hmr [33m404[0m 3.632 ms - 156[0m
[0mGET /_next/webpack-hmr [33m404[0m 1.345 ms - 156[0m
[0mGET /_next/webpack-hmr [33m404[0m 1.097 ms - 156[0m
[0mGET /_next/webpack-hmr [33m404[0m 1.919 ms - 156[0m
[0mPOST /api/v1/admin/person/create [33m400[0m 7.974 ms - 289[0m
[0mGET /_next/webpack-hmr [33m404[0m 0.461 ms - 156[0m
[0mPOST /api/v1/admin/person/create [31m500[0m 12.757 ms - 42[0m
[0mGET /_next/webpack-hmr [33m404[0m 6.824 ms - 156[0m
[0mGET /_next/webpack-hmr [33m404[0m 2.557 ms - 156[0m
[0mGET /_next/webpack-hmr [33m404[0m 9.924 ms - 156[0m
[0mPOST /api/v1/admin/person/create [31m500[0m 10.693 ms - 42[0m
[0mPOST /api/v1/admin/person/create [31m500[0m 1.775 ms - 42[0m
[0mGET /_next/webpack-hmr [33m404[0m 2.091 ms - 156[0m
[0mPOST /api/v1/admin/person/create [31m500[0m 1.093 ms - 42[0m
[0mGET /_next/webpack-hmr [33m404[0m 0.481 ms - 156[0m
[0mPOST /api/v1/admin/person/create [31m500[0m 11.157 ms - 42[0m
[0mGET /_next/webpack-hmr [33m404[0m 2.271 ms - 156[0m
[0mPOST /api/v1/admin/person/create [31m500[0m 12.790 ms - 42[0m
[0mGET /_next/webpack-hmr [33m404[0m 1.603 ms - 156[0m
[0mGET /_next/webpack-hmr [33m404[0m 0.533 ms - 156[0m
[0mGET /_next/webpack-hmr [33m404[0m 0.421 ms - 156[0m
[0mGET /_next/webpack-hmr [33m404[0m 0.336 ms - 156[0m
[0mPOST /api/v1/admin/person/create [31m500[0m 11.710 ms - 42[0m
[0mGET /_next/webpack-hmr [33m404[0m 6.680 ms - 156[0m
[0mGET /_next/webpack-hmr [33m404[0m 2.338 ms - 156[0m
[0mGET /_next/webpack-hmr [33m404[0m 4.276 ms - 156[0m
[0mPOST /api/v1/admin/person/create [31m500[0m 10.550 ms - 42[0m
[0mGET /_next/webpack-hmr [33m404[0m 0.491 ms - 156[0m
[0mPOST /api/v1/admin/person/create [31m500[0m 243.659 ms - 509[0m
[0mGET /_next/webpack-hmr [33m404[0m 3.509 ms - 156[0m
[0mGET /_next/webpack-hmr [33m404[0m 0.471 ms - 156[0m
[0mPOST /api/v1/admin/person/create [32m200[0m 546.443 ms - 256[0m
[0mGET /_next/webpack-hmr [33m404[0m 1.543 ms - 156[0m
[0mGET /_next/webpack-hmr [33m404[0m 1.532 ms - 156[0m
[0mGET /_next/webpack-hmr [33m404[0m 0.314 ms - 156[0m
[0mGET /_next/webpack-hmr [33m404[0m 1.375 ms - 156[0m
[0mGET /_next/webpack-hmr [33m404[0m 0.413 ms - 156[0m
[0mGET /_next/webpack-hmr [33m404[0m 0.523 ms - 156[0m
[0mPOST /api/v1/admin/person/create [32m200[0m 428.197 ms - 256[0m
[0mPOST /api/v1/admin/person/create [32m200[0m 486.472 ms - 256[0m
[0mGET /_next/webpack-hmr [33m404[0m 1.511 ms - 156[0m
[0mGET /api/v1/admin/people [32m200[0m 177.119 ms - 669[0m
[0mGET /_next/webpack-hmr [33m404[0m 0.419 ms - 156[0m
[0mGET /_next/webpack-hmr [33m404[0m 0.738 ms - 156[0m
[0mGET /_next/webpack-hmr [33m404[0m 1.552 ms - 156[0m
[0mGET /_next/webpack-hmr [33m404[0m 1.632 ms - 156[0m
[0mGET /_next/webpack-hmr [33m404[0m 1.870 ms - 156[0m
[0mGET /_next/webpack-hmr [33m404[0m 1.458 ms - 156[0m
[0mGET /_next/webpack-hmr [33m404[0m 1.548 ms - 156[0m
[0mGET /_next/webpack-hmr [33m404[0m 1.022 ms - 156[0m
[0mGET /_next/webpack-hmr [33m404[0m 1.128 ms - 156[0m
[0mGET /_next/webpack-hmr [33m404[0m 1.164 ms - 156[0m
[0mGET /_next/webpack-hmr [33m404[0m 3.080 ms - 156[0m
[0mGET /_next/webpack-hmr [33m404[0m 0.305 ms - 156[0m
[0mGET /_next/webpack-hmr [33m404[0m 1.401 ms - 156[0m
[0mGET /_next/webpack-hmr [33m404[0m 0.404 ms - 156[0m
[0mGET /_next/webpack-hmr [33m404[0m 1.189 ms - 156[0m
[0mGET /_next/webpack-hmr [33m404[0m 0.289 ms - 156[0m
[0mGET /_next/webpack-hmr [33m404[0m 1.334 ms - 156[0m
[0mGET /_next/webpack-hmr [33m404[0m 0.364 ms - 156[0m
[0mGET /_next/webpack-hmr [33m404[0m 1.293 ms - 156[0m
[0mGET /_next/webpack-hmr [33m404[0m 1.097 ms - 156[0m
[0mGET /_next/webpack-hmr [33m404[0m 1.126 ms - 156[0m
[0mGET /_next/webpack-hmr [33m404[0m 1.138 ms - 156[0m
[0mGET /_next/webpack-hmr [33m404[0m 1.102 ms - 156[0m
[0mGET /_next/webpack-hmr [33m404[0m 0.325 ms - 156[0m
[0mGET /_next/webpack-hmr [33m404[0m 1.143 ms - 156[0m
[0mGET /_next/webpack-hmr [33m404[0m 1.443 ms - 156[0m
[0mGET /_next/webpack-hmr [33m404[0m 1.317 ms - 156[0m
[0mGET /_next/webpack-hmr [33m404[0m 1.112 ms - 156[0m
[0mGET /_next/webpack-hmr [33m404[0m 2.912 ms - 156[0m
[0mGET /_next/webpack-hmr [33m404[0m 1.098 ms - 156[0m
[0mGET /_next/webpack-hmr [33m404[0m 1.250 ms - 156[0m
[0mGET /_next/webpack-hmr [33m404[0m 1.084 ms - 156[0m
[0mGET /_next/webpack-hmr [33m404[0m 0.418 ms - 156[0m
[0mGET /_next/webpack-hmr [33m404[0m 1.287 ms - 156[0m
[0mGET /_next/webpack-hmr [33m404[0m 0.281 ms - 156[0m
[0mGET /_next/webpack-hmr [33m404[0m 0.325 ms - 156[0m
[0mGET /_next/webpack-hmr [33m404[0m 1.175 ms - 156[0m
[0mGET /_next/webpack-hmr [33m404[0m 1.271 ms - 156[0m
[0mGET /_next/webpack-hmr [33m404[0m 1.288 ms - 156[0m
[0mGET /_next/webpack-hmr [33m404[0m 1.345 ms - 156[0m
[0mGET /_next/webpack-hmr [33m404[0m 0.264 ms - 156[0m
[0mGET /_next/webpack-hmr [33m404[0m 1.075 ms - 156[0m
[0mGET /_next/webpack-hmr [33m404[0m 1.057 ms - 156[0m
[0mGET /_next/webpack-hmr [33m404[0m 1.245 ms - 156[0m
[0mGET /_next/webpack-hmr [33m404[0m 1.247 ms - 156[0m
[0mGET /_next/webpack-hmr [33m404[0m 1.646 ms - 156[0m
[0mGET /_next/webpack-hmr [33m404[0m 1.050 ms - 156[0m
[0mGET /_next/webpack-hmr [33m404[0m 1.294 ms - 156[0m
[0mGET /_next/webpack-hmr [33m404[0m 1.115 ms - 156[0m
[0mGET /_next/webpack-hmr [33m404[0m 1.274 ms - 156[0m
[0mGET /_next/webpack-hmr [33m404[0m 0.433 ms - 156[0m
[0mGET /_next/webpack-hmr [33m404[0m 1.021 ms - 156[0m
[0mGET /_next/webpack-hmr [33m404[0m 0.519 ms - 156[0m
[0mGET /_next/webpack-hmr [33m404[0m 0.995 ms - 156[0m
[0mGET /_next/webpack-hmr [33m404[0m 0.986 ms - 156[0m
[0mGET /_next/webpack-hmr [33m404[0m 1.038 ms - 156[0m
[0mGET /_next/webpack-hmr [33m404[0m 1.420 ms - 156[0m
[0mGET /_next/webpack-hmr [33m404[0m 0.994 ms - 156[0m
[0mGET /_next/webpack-hmr [33m404[0m 1.055 ms - 156[0m
[0mGET /_next/webpack-hmr [33m404[0m 0.241 ms - 156[0m
[0mGET /_next/webpack-hmr [33m404[0m 1.294 ms - 156[0m
[0mGET /_next/webpack-hmr [33m404[0m 1.110 ms - 156[0m
[0mGET /_next/webpack-hmr [33m404[0m 1.145 ms - 156[0m
[0mGET /_next/webpack-hmr [33m404[0m 0.947 ms - 156[0m
[0mGET /_next/webpack-hmr [33m404[0m 0.275 ms - 156[0m
[0mGET /_next/webpack-hmr [33m404[0m 1.207 ms - 156[0m
[0mGET /_next/webpack-hmr [33m404[0m 1.106 ms - 156[0m
[0mGET /_next/webpack-hmr [33m404[0m 0.234 ms - 156[0m
[0mGET /_next/webpack-hmr [33m404[0m 1.010 ms - 156[0m
[0mGET /_next/webpack-hmr [33m404[0m 0.704 ms - 156[0m
[0mGET /_next/webpack-hmr [33m404[0m 1.124 ms - 156[0m
[0mGET /_next/webpack-hmr [33m404[0m 1.019 ms - 156[0m
[0mGET /_next/webpack-hmr [33m404[0m 0.240 ms - 156[0m
[0mGET /_next/webpack-hmr [33m404[0m 1.097 ms - 156[0m
[0mGET /_next/webpack-hmr [33m404[0m 1.166 ms - 156[0m
[0mGET /_next/webpack-hmr [33m404[0m 0.413 ms - 156[0m
[0mGET /_next/webpack-hmr [33m404[0m 0.304 ms - 156[0m
[0mGET /_next/webpack-hmr [33m404[0m 0.244 ms - 156[0m
[0mGET /_next/webpack-hmr [33m404[0m 1.139 ms - 156[0m
[0mGET /_next/webpack-hmr [33m404[0m 0.735 ms - 156[0m
[0mGET /_next/webpack-hmr [33m404[0m 1.109 ms - 156[0m
[0mGET /_next/webpack-hmr [33m404[0m 1.090 ms - 156[0m
[0mGET /_next/webpack-hmr [33m404[0m 0.982 ms - 156[0m
[0mGET /_next/webpack-hmr [33m404[0m 1.005 ms - 156[0m
[0mGET /_next/webpack-hmr [33m404[0m 0.967 ms - 156[0m
[0mGET /_next/webpack-hmr [33m404[0m 1.029 ms - 156[0m
[0mGET /_next/webpack-hmr [33m404[0m 0.966 ms - 156[0m
[0mGET /_next/webpack-hmr [33m404[0m 1.109 ms - 156[0m
[0mGET /_next/webpack-hmr [33m404[0m 0.244 ms - 156[0m
[0mGET /_next/webpack-hmr [33m404[0m 1.178 ms - 156[0m
[0mGET /_next/webpack-hmr [33m404[0m 0.315 ms - 156[0m
[0mGET /_next/webpack-hmr [33m404[0m 0.927 ms - 156[0m
[0mGET /_next/webpack-hmr [33m404[0m 0.933 ms - 156[0m
[0mGET /_next/webpack-hmr [33m404[0m 0.305 ms - 156[0m
[0mGET /_next/webpack-hmr [33m404[0m 1.093 ms - 156[0m
[0mGET /_next/webpack-hmr [33m404[0m 1.104 ms - 156[0m
[0mGET /_next/webpack-hmr [33m404[0m 1.080 ms - 156[0m
[0mGET /_next/webpack-hmr [33m404[0m 0.963 ms - 156[0m
[0mGET /_next/webpack-hmr [33m404[0m 0.429 ms - 156[0m
[0mGET /_next/webpack-hmr [33m404[0m 1.098 ms - 156[0m
[0mGET /_next/webpack-hmr [33m404[0m 0.953 ms - 156[0m
[0mGET /_next/webpack-hmr [33m404[0m 1.165 ms - 156[0m
[0mGET /_next/webpack-hmr [33m404[0m 1.198 ms - 156[0m
[0mGET /_next/webpack-hmr [33m404[0m 1.134 ms - 156[0m
[0mGET /_next/webpack-hmr [33m404[0m 0.994 ms - 156[0m
[0mGET /_next/webpack-hmr [33m404[0m 0.367 ms - 156[0m
[0mGET /_next/webpack-hmr [33m404[0m 0.282 ms - 156[0m
[0mGET /_next/webpack-hmr [33m404[0m 1.082 ms - 156[0m
[0mGET /_next/webpack-hmr [33m404[0m 1.463 ms - 156[0m
[0mGET /_next/webpack-hmr [33m404[0m 0.513 ms - 156[0m
[0mGET /_next/webpack-hmr [33m404[0m 1.151 ms - 156[0m
[0mGET /_next/webpack-hmr [33m404[0m 1.080 ms - 156[0m
[0mGET /_next/webpack-hmr [33m404[0m 0.348 ms - 156[0m
[0mGET /_next/webpack-hmr [33m404[0m 0.287 ms - 156[0m
[0mGET /_next/webpack-hmr [33m404[0m 0.940 ms - 156[0m
[0mGET /_next/webpack-hmr [33m404[0m 1.156 ms - 156[0m
[0mGET /_next/webpack-hmr [33m404[0m 0.959 ms - 156[0m
[0mGET /_next/webpack-hmr [33m404[0m 1.120 ms - 156[0m
[0mGET /_next/webpack-hmr [33m404[0m 1.151 ms - 156[0m
[0mGET /_next/webpack-hmr [33m404[0m 0.965 ms - 156[0m
[0mGET /_next/webpack-hmr [33m404[0m 1.113 ms - 156[0m
[0mGET /_next/webpack-hmr [33m404[0m 0.323 ms - 156[0m
[0mGET /_next/webpack-hmr [33m404[0m 1.194 ms - 156[0m
[0mGET /_next/webpack-hmr [33m404[0m 1.097 ms - 156[0m
[0mGET /_next/webpack-hmr [33m404[0m 0.929 ms - 156[0m
[0mGET /_next/webpack-hmr [33m404[0m 0.282 ms - 156[0m
[0mGET /_next/webpack-hmr [33m404[0m 1.119 ms - 156[0m
[0mGET /_next/webpack-hmr [33m404[0m 0.910 ms - 156[0m
[0mGET /_next/webpack-hmr [33m404[0m 0.960 ms - 156[0m
[0mGET /_next/webpack-hmr [33m404[0m 0.489 ms - 156[0m
[0mGET /_next/webpack-hmr [33m404[0m 1.347 ms - 156[0m
[0mGET /_next/webpack-hmr [33m404[0m 0.293 ms - 156[0m
[0mGET /_next/webpack-hmr [33m404[0m 0.295 ms - 156[0m
[0mGET /_next/webpack-hmr [33m404[0m 1.689 ms - 156[0m
[0mGET /_next/webpack-hmr [33m404[0m 0.920 ms - 156[0m
[0mGET /_next/webpack-hmr [33m404[0m 0.587 ms - 156[0m
[0mGET /_next/webpack-hmr [33m404[0m 1.093 ms - 156[0m
[0mGET /_next/webpack-hmr [33m404[0m 0.922 ms - 156[0m
[0mGET /_next/webpack-hmr [33m404[0m 0.914 ms - 156[0m
[0mGET /_next/webpack-hmr [33m404[0m 1.326 ms - 156[0m
[0mGET /_next/webpack-hmr [33m404[0m 1.122 ms - 156[0m
[0mGET /_next/webpack-hmr [33m404[0m 0.981 ms - 156[0m
[0mGET /_next/webpack-hmr [33m404[0m 0.503 ms - 156[0m
[0mGET /_next/webpack-hmr [33m404[0m 0.610 ms - 156[0m
[0mGET /_next/webpack-hmr [33m404[0m 0.278 ms - 156[0m
[0mGET /_next/webpack-hmr [33m404[0m 1.058 ms - 156[0m
[0mGET /_next/webpack-hmr [33m404[0m 0.282 ms - 156[0m
[0mGET /_next/webpack-hmr [33m404[0m 1.066 ms - 156[0m
[0mGET /_next/webpack-hmr [33m404[0m 1.155 ms - 156[0m
[0mGET /_next/webpack-hmr [33m404[0m 1.065 ms - 156[0m
[0mGET /_next/webpack-hmr [33m404[0m 1.048 ms - 156[0m
[0mGET /_next/webpack-hmr [33m404[0m 0.404 ms - 156[0m
[0mGET /_next/webpack-hmr [33m404[0m 1.088 ms - 156[0m
[0mGET /_next/webpack-hmr [33m404[0m 1.054 ms - 156[0m
[0mGET /_next/webpack-hmr [33m404[0m 1.129 ms - 156[0m
[0mGET /_next/webpack-hmr [33m404[0m 0.999 ms - 156[0m
[0mGET /_next/webpack-hmr [33m404[0m 0.720 ms - 156[0m
[0mGET /_next/webpack-hmr [33m404[0m 0.367 ms - 156[0m
[0mGET /_next/webpack-hmr [33m404[0m 1.078 ms - 156[0m
[0mGET /_next/webpack-hmr [33m404[0m 0.800 ms - 156[0m
[0mGET /_next/webpack-hmr [33m404[0m 0.591 ms - 156[0m
[0mGET /_next/webpack-hmr [33m404[0m 1.211 ms - 156[0m
[0mGET /_next/webpack-hmr [33m404[0m 1.058 ms - 156[0m
[0mGET /_next/webpack-hmr [33m404[0m 0.940 ms - 156[0m
[0mGET /_next/webpack-hmr [33m404[0m 0.955 ms - 156[0m
[0mGET /_next/webpack-hmr [33m404[0m 0.944 ms - 156[0m
[0mGET /_next/webpack-hmr [33m404[0m 0.316 ms - 156[0m
[0mGET /_next/webpack-hmr [33m404[0m 0.907 ms - 156[0m
[0mGET /_next/webpack-hmr [33m404[0m 1.241 ms - 156[0m
[0mGET /_next/webpack-hmr [33m404[0m 1.269 ms - 156[0m
[0mGET /_next/webpack-hmr [33m404[0m 0.305 ms - 156[0m
[0mGET /_next/webpack-hmr [33m404[0m 0.331 ms - 156[0m
[0mGET /_next/webpack-hmr [33m404[0m 2.153 ms - 156[0m
[0mGET /_next/webpack-hmr [33m404[0m 1.044 ms - 156[0m
[0mGET /_next/webpack-hmr [33m404[0m 0.319 ms - 156[0m
[0mGET /_next/webpack-hmr [33m404[0m 0.264 ms - 156[0m
[0mGET /_next/webpack-hmr [33m404[0m 1.056 ms - 156[0m
[0mGET /_next/webpack-hmr [33m404[0m 0.973 ms - 156[0m
[0mGET /_next/webpack-hmr [33m404[0m 0.976 ms - 156[0m
[0mGET /_next/webpack-hmr [33m404[0m 1.025 ms - 156[0m
[0mGET /_next/webpack-hmr [33m404[0m 1.095 ms - 156[0m
[0mGET /_next/webpack-hmr [33m404[0m 1.087 ms - 156[0m
[0mGET /_next/webpack-hmr [33m404[0m 0.943 ms - 156[0m
[0mGET /_next/webpack-hmr [33m404[0m 0.343 ms - 156[0m
[0mGET /_next/webpack-hmr [33m404[0m 0.427 ms - 156[0m
[0mGET /_next/webpack-hmr [33m404[0m 1.066 ms - 156[0m
[0mGET /_next/webpack-hmr [33m404[0m 3.084 ms - 156[0m
[0mGET /_next/webpack-hmr [33m404[0m 1.076 ms - 156[0m
[0mGET /_next/webpack-hmr [33m404[0m 0.302 ms - 156[0m
[0mGET /_next/webpack-hmr [33m404[0m 0.226 ms - 156[0m
[0mGET /_next/webpack-hmr [33m404[0m 1.063 ms - 156[0m
[0mGET /_next/webpack-hmr [33m404[0m 0.979 ms - 156[0m
[0mGET /_next/webpack-hmr [33m404[0m 3.067 ms - 156[0m
[0mGET /_next/webpack-hmr [33m404[0m 1.090 ms - 156[0m
[0mGET /_next/webpack-hmr [33m404[0m 0.342 ms - 156[0m
[0mGET /_next/webpack-hmr [33m404[0m 0.908 ms - 156[0m
[0mGET /_next/webpack-hmr [33m404[0m 1.097 ms - 156[0m
[0mGET /_next/webpack-hmr [33m404[0m 0.379 ms - 156[0m
[0mGET /_next/webpack-hmr [33m404[0m 0.909 ms - 156[0m
[0mGET /_next/webpack-hmr [33m404[0m 0.908 ms - 156[0m
[0mGET /_next/webpack-hmr [33m404[0m 0.961 ms - 156[0m
[0mGET /_next/webpack-hmr [33m404[0m 0.963 ms - 156[0m
[0mGET /_next/webpack-hmr [33m404[0m 1.238 ms - 156[0m
[0mGET /_next/webpack-hmr [33m404[0m 0.270 ms - 156[0m
[0mGET /_next/webpack-hmr [33m404[0m 0.245 ms - 156[0m
[0mGET /_next/webpack-hmr [33m404[0m 0.234 ms - 156[0m
[0mGET /_next/webpack-hmr [33m404[0m 1.143 ms - 156[0m
[0mGET /_next/webpack-hmr [33m404[0m 1.096 ms - 156[0m
[0mGET /_next/webpack-hmr [33m404[0m 1.135 ms - 156[0m
[0mGET /_next/webpack-hmr [33m404[0m 0.317 ms - 156[0m
[0mGET /_next/webpack-hmr [33m404[0m 1.098 ms - 156[0m
[0mGET /_next/webpack-hmr [33m404[0m 0.297 ms - 156[0m
[0mGET /_next/webpack-hmr [33m404[0m 1.082 ms - 156[0m
[0mGET /_next/webpack-hmr [33m404[0m 1.133 ms - 156[0m
[0mGET /_next/webpack-hmr [33m404[0m 4.135 ms - 156[0m
[0mGET /_next/webpack-hmr [33m404[0m 0.977 ms - 156[0m
[0mGET /_next/webpack-hmr [33m404[0m 0.293 ms - 156[0m
[0mGET /_next/webpack-hmr [33m404[0m 0.665 ms - 156[0m
[0mGET /_next/webpack-hmr [33m404[0m 0.920 ms - 156[0m
[0mGET /_next/webpack-hmr [33m404[0m 1.145 ms - 156[0m
[0mGET /_next/webpack-hmr [33m404[0m 0.932 ms - 156[0m
[0mGET /_next/webpack-hmr [33m404[0m 1.028 ms - 156[0m
[0mGET /_next/webpack-hmr [33m404[0m 1.095 ms - 156[0m
[0mGET /_next/webpack-hmr [33m404[0m 1.002 ms - 156[0m
[0mGET /_next/webpack-hmr [33m404[0m 0.405 ms - 156[0m
[0mGET /_next/webpack-hmr [33m404[0m 1.095 ms - 156[0m
[0mGET /_next/webpack-hmr [33m404[0m 1.002 ms - 156[0m
[0mGET /_next/webpack-hmr [33m404[0m 1.035 ms - 156[0m
[0mGET /_next/webpack-hmr [33m404[0m 1.226 ms - 156[0m
[0mGET /_next/webpack-hmr [33m404[0m 0.918 ms - 156[0m
[0mGET /_next/webpack-hmr [33m404[0m 1.562 ms - 156[0m
[0mGET /_next/webpack-hmr [33m404[0m 1.059 ms - 156[0m
[0mGET /_next/webpack-hmr [33m404[0m 1.096 ms - 156[0m
[0mGET /_next/webpack-hmr [33m404[0m 0.928 ms - 156[0m
[0mGET /_next/webpack-hmr [33m404[0m 1.139 ms - 156[0m
[0mGET /_next/webpack-hmr [33m404[0m 0.909 ms - 156[0m
[0mGET /_next/webpack-hmr [33m404[0m 0.947 ms - 156[0m
[0mGET /_next/webpack-hmr [33m404[0m 0.942 ms - 156[0m
[0mGET /_next/webpack-hmr [33m404[0m 1.088 ms - 156[0m
[0mGET /_next/webpack-hmr [33m404[0m 0.930 ms - 156[0m
[0mGET /_next/webpack-hmr [33m404[0m 1.022 ms - 156[0m
[0mGET /_next/webpack-hmr [33m404[0m 0.924 ms - 156[0m
[0mGET /_next/webpack-hmr [33m404[0m 1.301 ms - 156[0m
[0mGET /_next/webpack-hmr [33m404[0m 0.990 ms - 156[0m
[0mGET /_next/webpack-hmr [33m404[0m 1.049 ms - 156[0m
[0mGET /_next/webpack-hmr [33m404[0m 1.148 ms - 156[0m
[0mGET /_next/webpack-hmr [33m404[0m 0.798 ms - 156[0m
[0mGET /_next/webpack-hmr [33m404[0m 1.071 ms - 156[0m
[0mGET /_next/webpack-hmr [33m404[0m 0.905 ms - 156[0m
[0mGET /_next/webpack-hmr [33m404[0m 0.912 ms - 156[0m
[0mGET /_next/webpack-hmr [33m404[0m 1.066 ms - 156[0m
[0mGET /_next/webpack-hmr [33m404[0m 0.941 ms - 156[0m
[0mGET /_next/webpack-hmr [33m404[0m 0.975 ms - 156[0m
[0mGET /_next/webpack-hmr [33m404[0m 1.061 ms - 156[0m
[0mGET /_next/webpack-hmr [33m404[0m 1.055 ms - 156[0m
[0mGET /_next/webpack-hmr [33m404[0m 1.306 ms - 156[0m
[0mGET /_next/webpack-hmr [33m404[0m 0.919 ms - 156[0m
[0mGET /_next/webpack-hmr [33m404[0m 1.467 ms - 156[0m
[0mGET /_next/webpack-hmr [33m404[0m 0.946 ms - 156[0m
[0mGET /_next/webpack-hmr [33m404[0m 1.149 ms - 156[0m
[0mGET /_next/webpack-hmr [33m404[0m 1.032 ms - 156[0m
[0mGET /_next/webpack-hmr [33m404[0m 0.911 ms - 156[0m
[0mGET /_next/webpack-hmr [33m404[0m 1.062 ms - 156[0m
[0mGET /_next/webpack-hmr [33m404[0m 1.277 ms - 156[0m
[0mGET /_next/webpack-hmr [33m404[0m 1.350 ms - 156[0m
[0mGET /_next/webpack-hmr [33m404[0m 1.026 ms - 156[0m
[0mGET /_next/webpack-hmr [33m404[0m 1.420 ms - 156[0m
[0mGET /_next/webpack-hmr [33m404[0m 0.884 ms - 156[0m
[0mGET /_next/webpack-hmr [33m404[0m 0.894 ms - 156[0m
[0mGET /_next/webpack-hmr [33m404[0m 1.013 ms - 156[0m
[0mGET /_next/webpack-hmr [33m404[0m 0.864 ms - 156[0m
[0mGET /_next/webpack-hmr [33m404[0m 0.948 ms - 156[0m
[0mGET /_next/webpack-hmr [33m404[0m 1.033 ms - 156[0m
[0mGET /_next/webpack-hmr [33m404[0m 1.042 ms - 156[0m
[0mGET /_next/webpack-hmr [33m404[0m 0.863 ms - 156[0m
[0mGET /_next/webpack-hmr [33m404[0m 0.869 ms - 156[0m
[0mGET /_next/webpack-hmr [33m404[0m 0.886 ms - 156[0m
[0mGET /_next/webpack-hmr [33m404[0m 0.930 ms - 156[0m
[0mGET /_next/webpack-hmr [33m404[0m 0.884 ms - 156[0m
[0mGET /_next/webpack-hmr [33m404[0m 1.014 ms - 156[0m
[0mGET /_next/webpack-hmr [33m404[0m 1.016 ms - 156[0m
[0mGET /_next/webpack-hmr [33m404[0m 1.073 ms - 156[0m
[0mGET /_next/webpack-hmr [33m404[0m 1.012 ms - 156[0m
[0mGET /_next/webpack-hmr [33m404[0m 1.262 ms - 156[0m
[0mGET /_next/webpack-hmr [33m404[0m 1.097 ms - 156[0m
[0mGET /_next/webpack-hmr [33m404[0m 1.179 ms - 156[0m
[0mGET /_next/webpack-hmr [33m404[0m 1.001 ms - 156[0m
[0mGET /_next/webpack-hmr [33m404[0m 1.020 ms - 156[0m
[0mGET /_next/webpack-hmr [33m404[0m 0.771 ms - 156[0m
[0mGET /_next/webpack-hmr [33m404[0m 0.865 ms - 156[0m
[0mGET /_next/webpack-hmr [33m404[0m 0.868 ms - 156[0m
[0mGET /_next/webpack-hmr [33m404[0m 1.017 ms - 156[0m
[0mGET /_next/webpack-hmr [33m404[0m 1.023 ms - 156[0m
[0mGET /_next/webpack-hmr [33m404[0m 0.935 ms - 156[0m
[0mGET /_next/webpack-hmr [33m404[0m 1.026 ms - 156[0m
[0mGET /_next/webpack-hmr [33m404[0m 1.127 ms - 156[0m
[0mGET /_next/webpack-hmr [33m404[0m 1.007 ms - 156[0m
[0mGET /_next/webpack-hmr [33m404[0m 0.861 ms - 156[0m
[0mGET /_next/webpack-hmr [33m404[0m 0.919 ms - 156[0m
[0mGET /_next/webpack-hmr [33m404[0m 0.861 ms - 156[0m
[0mGET /_next/webpack-hmr [33m404[0m 0.879 ms - 156[0m
[0mGET /_next/webpack-hmr [33m404[0m 1.151 ms - 156[0m
[0mGET /_next/webpack-hmr [33m404[0m 1.112 ms - 156[0m
[0mGET /_next/webpack-hmr [33m404[0m 0.900 ms - 156[0m
[0mGET /_next/webpack-hmr [33m404[0m 0.878 ms - 156[0m
[0mGET /_next/webpack-hmr [33m404[0m 1.037 ms - 156[0m
[0mGET /_next/webpack-hmr [33m404[0m 1.017 ms - 156[0m
[0mGET /_next/webpack-hmr [33m404[0m 0.861 ms - 156[0m
[0mGET /_next/webpack-hmr [33m404[0m 1.342 ms - 156[0m
[0mGET /_next/webpack-hmr [33m404[0m 0.863 ms - 156[0m
[0mGET /_next/webpack-hmr [33m404[0m 0.867 ms - 156[0m
[0mGET /_next/webpack-hmr [33m404[0m 0.997 ms - 156[0m
[0mGET /_next/webpack-hmr [33m404[0m 1.096 ms - 156[0m
[0mGET /_next/webpack-hmr [33m404[0m 1.004 ms - 156[0m
[0mGET /_next/webpack-hmr [33m404[0m 0.849 ms - 156[0m
[0mGET /_next/webpack-hmr [33m404[0m 1.045 ms - 156[0m
[0mGET /_next/webpack-hmr [33m404[0m 0.899 ms - 156[0m
[0mGET /_next/webpack-hmr [33m404[0m 1.007 ms - 156[0m
[0mGET /_next/webpack-hmr [33m404[0m 1.014 ms - 156[0m
[0mGET /_next/webpack-hmr [33m404[0m 1.057 ms - 156[0m
[0mGET /_next/webpack-hmr [33m404[0m 0.873 ms - 156[0m
[0mGET /_next/webpack-hmr [33m404[0m 0.882 ms - 156[0m
[0mGET /_next/webpack-hmr [33m404[0m 1.038 ms - 156[0m
[0mGET /_next/webpack-hmr [33m404[0m 1.012 ms - 156[0m
[0mGET /_next/webpack-hmr [33m404[0m 0.866 ms - 156[0m
[0mGET /_next/webpack-hmr [33m404[0m 1.015 ms - 156[0m
[0mGET /_next/webpack-hmr [33m404[0m 0.861 ms - 156[0m
[0mGET /_next/webpack-hmr [33m404[0m 0.990 ms - 156[0m
[0mGET /_next/webpack-hmr [33m404[0m 0.944 ms - 156[0m
[0mGET /_next/webpack-hmr [33m404[0m 1.018 ms - 156[0m
[0mGET /_next/webpack-hmr [33m404[0m 1.043 ms - 156[0m
[0mGET /_next/webpack-hmr [33m404[0m 0.863 ms - 156[0m
[0mGET /_next/webpack-hmr [33m404[0m 1.013 ms - 156[0m
[0mGET /_next/webpack-hmr [33m404[0m 1.195 ms - 156[0m
[0mGET /_next/webpack-hmr [33m404[0m 2.394 ms - 156[0m
[0mGET /_next/webpack-hmr [33m404[0m 1.069 ms - 156[0m
[0mGET /_next/webpack-hmr [33m404[0m 1.084 ms - 156[0m
[0mGET /_next/webpack-hmr [33m404[0m 0.857 ms - 156[0m
[0mGET /_next/webpack-hmr [33m404[0m 0.901 ms - 156[0m
[0mGET /_next/webpack-hmr [33m404[0m 1.032 ms - 156[0m
[0mGET /_next/webpack-hmr [33m404[0m 0.986 ms - 156[0m
[0mGET /_next/webpack-hmr [33m404[0m 1.019 ms - 156[0m
[0mGET /_next/webpack-hmr [33m404[0m 0.991 ms - 156[0m
[0mGET /_next/webpack-hmr [33m404[0m 0.895 ms - 156[0m
[0mGET /_next/webpack-hmr [33m404[0m 1.332 ms - 156[0m
[0mGET /_next/webpack-hmr [33m404[0m 0.994 ms - 156[0m
[0mGET /_next/webpack-hmr [33m404[0m 1.001 ms - 156[0m
[0mGET /_next/webpack-hmr [33m404[0m 0.869 ms - 156[0m
[0mGET /_next/webpack-hmr [33m404[0m 0.976 ms - 156[0m
[0mGET /_next/webpack-hmr [33m404[0m 0.978 ms - 156[0m
[0mGET /_next/webpack-hmr [33m404[0m 1.021 ms - 156[0m
[0mGET /_next/webpack-hmr [33m404[0m 1.046 ms - 156[0m
[0mGET /_next/webpack-hmr [33m404[0m 1.031 ms - 156[0m
[0mGET /_next/webpack-hmr [33m404[0m 0.890 ms - 156[0m
[0mGET /_next/webpack-hmr [33m404[0m 1.171 ms - 156[0m
[0mGET /_next/webpack-hmr [33m404[0m 1.011 ms - 156[0m
[0mGET /_next/webpack-hmr [33m404[0m 0.953 ms - 156[0m
[0mGET /_next/webpack-hmr [33m404[0m 1.220 ms - 156[0m
[0mGET /_next/webpack-hmr [33m404[0m 1.245 ms - 156[0m
[0mGET /_next/webpack-hmr [33m404[0m 0.876 ms - 156[0m
[0mGET /_next/webpack-hmr [33m404[0m 0.895 ms - 156[0m
[0mGET /_next/webpack-hmr [33m404[0m 0.765 ms - 156[0m
[0mGET /_next/webpack-hmr [33m404[0m 0.898 ms - 156[0m
[0mGET /_next/webpack-hmr [33m404[0m 1.374 ms - 156[0m
[0mGET /_next/webpack-hmr [33m404[0m 1.130 ms - 156[0m
[0mGET /_next/webpack-hmr [33m404[0m 0.891 ms - 156[0m
[0mGET /_next/webpack-hmr [33m404[0m 1.046 ms - 156[0m
[0mGET /_next/webpack-hmr [33m404[0m 1.058 ms - 156[0m
[0mGET /_next/webpack-hmr [33m404[0m 1.017 ms - 156[0m
[0mGET /_next/webpack-hmr [33m404[0m 1.056 ms - 156[0m
[0mGET /_next/webpack-hmr [33m404[0m 0.914 ms - 156[0m
